2019-02-11 04:59:00 INFO  MainContorller:133 - IO problems java.io.DataInputStream.readInt(DataInputStream.java:392)
2019-02-11 04:59:00 INFO  MainContorller:133 - IO problems ua.edu.sumdu.j2se.sorokolitevhen.taskmanager.model.TaskIO.read(TaskIO.java:41)
2019-02-11 04:59:00 INFO  MainContorller:133 - IO problems ua.edu.sumdu.j2se.sorokolitevhen.taskmanager.model.TaskIO.readBinary(TaskIO.java:82)
2019-02-11 04:59:00 INFO  MainContorller:133 - IO problems ua.edu.sumdu.j2se.sorokolitevhen.taskmanager.controllers.MainContorller.startLoadTasks(MainContorller.java:129)
2019-02-11 04:59:00 INFO  MainContorller:133 - IO problems ua.edu.sumdu.j2se.sorokolitevhen.taskmanager.controllers.MainContorller.btnLoad(MainContorller.java:197)
2019-02-11 04:59:00 INFO  MainContorller:133 - IO problems sun.reflect.NativeMethodAccessorImpl.invoke0(Native Method)
2019-02-11 04:59:00 INFO  MainContorller:133 - IO problems sun.reflect.NativeMethodAccessorImpl.invoke(NativeMethodAccessorImpl.java:62)
2019-02-11 04:59:00 INFO  MainContorller:133 - IO problems sun.reflect.DelegatingMethodAccessorImpl.invoke(DelegatingMethodAccessorImpl.java:43)
2019-02-11 04:59:00 INFO  MainContorller:133 - IO problems java.lang.reflect.Method.invoke(Method.java:498)
2019-02-11 04:59:00 INFO  MainContorller:133 - IO problems sun.reflect.misc.Trampoline.invoke(MethodUtil.java:71)
2019-02-11 04:59:00 INFO  MainContorller:133 - IO problems sun.reflect.GeneratedMethodAccessor1.invoke(Unknown Source)
2019-02-11 04:59:00 INFO  MainContorller:133 - IO problems sun.reflect.DelegatingMethodAccessorImpl.invoke(DelegatingMethodAccessorImpl.java:43)
2019-02-11 04:59:00 INFO  MainContorller:133 - IO problems java.lang.reflect.Method.invoke(Method.java:498)
2019-02-11 04:59:00 INFO  MainContorller:133 - IO problems sun.reflect.misc.MethodUtil.invoke(MethodUtil.java:275)
2019-02-11 04:59:00 INFO  MainContorller:133 - IO problems javafx.fxml.FXMLLoader$MethodHandler.invoke(FXMLLoader.java:1769)
2019-02-11 04:59:00 INFO  MainContorller:133 - IO problems javafx.fxml.FXMLLoader$ControllerMethodEventHandler.handle(FXMLLoader.java:1657)
2019-02-11 04:59:00 INFO  MainContorller:133 - IO problems com.sun.javafx.event.CompositeEventHandler.dispatchBubblingEvent(CompositeEventHandler.java:86)
2019-02-11 04:59:00 INFO  MainContorller:133 - IO problems com.sun.javafx.event.EventHandlerManager.dispatchBubblingEvent(EventHandlerManager.java:238)
2019-02-11 04:59:00 INFO  MainContorller:133 - IO problems com.sun.javafx.event.EventHandlerManager.dispatchBubblingEvent(EventHandlerManager.java:191)
2019-02-11 04:59:00 INFO  MainContorller:133 - IO problems com.sun.javafx.event.CompositeEventDispatcher.dispatchBubblingEvent(CompositeEventDispatcher.java:59)
2019-02-11 04:59:00 INFO  MainContorller:133 - IO problems com.sun.javafx.event.BasicEventDispatcher.dispatchEvent(BasicEventDispatcher.java:58)
2019-02-11 04:59:00 INFO  MainContorller:133 - IO problems com.sun.javafx.event.EventDispatchChainImpl.dispatchEvent(EventDispatchChainImpl.java:114)
2019-02-11 04:59:00 INFO  MainContorller:133 - IO problems com.sun.javafx.event.BasicEventDispatcher.dispatchEvent(BasicEventDispatcher.java:56)
2019-02-11 04:59:00 INFO  MainContorller:133 - IO problems com.sun.javafx.event.EventDispatchChainImpl.dispatchEvent(EventDispatchChainImpl.java:114)
2019-02-11 04:59:00 INFO  MainContorller:133 - IO problems com.sun.javafx.event.BasicEventDispatcher.dispatchEvent(BasicEventDispatcher.java:56)
2019-02-11 04:59:00 INFO  MainContorller:133 - IO problems com.sun.javafx.event.EventDispatchChainImpl.dispatchEvent(EventDispatchChainImpl.java:114)
2019-02-11 04:59:00 INFO  MainContorller:133 - IO problems com.sun.javafx.event.EventUtil.fireEventImpl(EventUtil.java:74)
2019-02-11 04:59:00 INFO  MainContorller:133 - IO problems com.sun.javafx.event.EventUtil.fireEvent(EventUtil.java:49)
2019-02-11 04:59:00 INFO  MainContorller:133 - IO problems javafx.event.Event.fireEvent(Event.java:198)
2019-02-11 04:59:00 INFO  MainContorller:133 - IO problems javafx.scene.Node.fireEvent(Node.java:8411)
2019-02-11 04:59:00 INFO  MainContorller:133 - IO problems javafx.scene.control.Button.fire(Button.java:185)
2019-02-11 04:59:00 INFO  MainContorller:133 - IO problems com.sun.javafx.scene.control.behavior.ButtonBehavior.mouseReleased(ButtonBehavior.java:182)
2019-02-11 04:59:00 INFO  MainContorller:133 - IO problems com.sun.javafx.scene.control.skin.BehaviorSkinBase$1.handle(BehaviorSkinBase.java:96)
2019-02-11 04:59:00 INFO  MainContorller:133 - IO problems com.sun.javafx.scene.control.skin.BehaviorSkinBase$1.handle(BehaviorSkinBase.java:89)
2019-02-11 04:59:00 INFO  MainContorller:133 - IO problems com.sun.javafx.event.CompositeEventHandler$NormalEventHandlerRecord.handleBubblingEvent(CompositeEventHandler.java:218)
2019-02-11 04:59:00 INFO  MainContorller:133 - IO problems com.sun.javafx.event.CompositeEventHandler.dispatchBubblingEvent(CompositeEventHandler.java:80)
2019-02-11 04:59:00 INFO  MainContorller:133 - IO problems com.sun.javafx.event.EventHandlerManager.dispatchBubblingEvent(EventHandlerManager.java:238)
2019-02-11 04:59:00 INFO  MainContorller:133 - IO problems com.sun.javafx.event.EventHandlerManager.dispatchBubblingEvent(EventHandlerManager.java:191)
2019-02-11 04:59:00 INFO  MainContorller:133 - IO problems com.sun.javafx.event.CompositeEventDispatcher.dispatchBubblingEvent(CompositeEventDispatcher.java:59)
2019-02-11 04:59:00 INFO  MainContorller:133 - IO problems com.sun.javafx.event.BasicEventDispatcher.dispatchEvent(BasicEventDispatcher.java:58)
2019-02-11 04:59:00 INFO  MainContorller:133 - IO problems com.sun.javafx.event.EventDispatchChainImpl.dispatchEvent(EventDispatchChainImpl.java:114)
2019-02-11 04:59:00 INFO  MainContorller:133 - IO problems com.sun.javafx.event.BasicEventDispatcher.dispatchEvent(BasicEventDispatcher.java:56)
2019-02-11 04:59:00 INFO  MainContorller:133 - IO problems com.sun.javafx.event.EventDispatchChainImpl.dispatchEvent(EventDispatchChainImpl.java:114)
2019-02-11 04:59:00 INFO  MainContorller:133 - IO problems com.sun.javafx.event.BasicEventDispatcher.dispatchEvent(BasicEventDispatcher.java:56)
2019-02-11 04:59:00 INFO  MainContorller:133 - IO problems com.sun.javafx.event.EventDispatchChainImpl.dispatchEvent(EventDispatchChainImpl.java:114)
2019-02-11 04:59:00 INFO  MainContorller:133 - IO problems com.sun.javafx.event.EventUtil.fireEventImpl(EventUtil.java:74)
2019-02-11 04:59:00 INFO  MainContorller:133 - IO problems com.sun.javafx.event.EventUtil.fireEvent(EventUtil.java:54)
2019-02-11 04:59:00 INFO  MainContorller:133 - IO problems javafx.event.Event.fireEvent(Event.java:198)
2019-02-11 04:59:00 INFO  MainContorller:133 - IO problems javafx.scene.Scene$MouseHandler.process(Scene.java:3757)
2019-02-11 04:59:00 INFO  MainContorller:133 - IO problems javafx.scene.Scene$MouseHandler.access$1500(Scene.java:3485)
2019-02-11 04:59:00 INFO  MainContorller:133 - IO problems javafx.scene.Scene.impl_processMouseEvent(Scene.java:1762)
2019-02-11 04:59:00 INFO  MainContorller:133 - IO problems javafx.scene.Scene$ScenePeerListener.mouseEvent(Scene.java:2494)
2019-02-11 04:59:00 INFO  MainContorller:133 - IO problems com.sun.javafx.tk.quantum.GlassViewEventHandler$MouseEventNotification.run(GlassViewEventHandler.java:394)
2019-02-11 04:59:00 INFO  MainContorller:133 - IO problems com.sun.javafx.tk.quantum.GlassViewEventHandler$MouseEventNotification.run(GlassViewEventHandler.java:295)
2019-02-11 04:59:00 INFO  MainContorller:133 - IO problems java.security.AccessController.doPrivileged(Native Method)
2019-02-11 04:59:00 INFO  MainContorller:133 - IO problems com.sun.javafx.tk.quantum.GlassViewEventHandler.lambda$handleMouseEvent$353(GlassViewEventHandler.java:432)
2019-02-11 04:59:00 INFO  MainContorller:133 - IO problems com.sun.javafx.tk.quantum.QuantumToolkit.runWithoutRenderLock(QuantumToolkit.java:389)
2019-02-11 04:59:00 INFO  MainContorller:133 - IO problems com.sun.javafx.tk.quantum.GlassViewEventHandler.handleMouseEvent(GlassViewEventHandler.java:431)
2019-02-11 04:59:00 INFO  MainContorller:133 - IO problems com.sun.glass.ui.View.handleMouseEvent(View.java:555)
2019-02-11 04:59:00 INFO  MainContorller:133 - IO problems com.sun.glass.ui.View.notifyMouse(View.java:937)
2019-02-11 04:59:00 INFO  MainContorller:133 - IO problems com.sun.glass.ui.win.WinApplication._runLoop(Native Method)
2019-02-11 04:59:00 INFO  MainContorller:133 - IO problems com.sun.glass.ui.win.WinApplication.lambda$null$147(WinApplication.java:177)
2019-02-11 04:59:00 INFO  MainContorller:133 - IO problems java.lang.Thread.run(Thread.java:748)
2019-02-11 04:59:09 INFO  MainContorller:133 - IO problems java.io.DataInputStream.readInt(DataInputStream.java:392)
2019-02-11 04:59:09 INFO  MainContorller:133 - IO problems ua.edu.sumdu.j2se.sorokolitevhen.taskmanager.model.TaskIO.read(TaskIO.java:41)
2019-02-11 04:59:09 INFO  MainContorller:133 - IO problems ua.edu.sumdu.j2se.sorokolitevhen.taskmanager.model.TaskIO.readBinary(TaskIO.java:82)
2019-02-11 04:59:09 INFO  MainContorller:133 - IO problems ua.edu.sumdu.j2se.sorokolitevhen.taskmanager.controllers.MainContorller.startLoadTasks(MainContorller.java:129)
2019-02-11 04:59:09 INFO  MainContorller:133 - IO problems ua.edu.sumdu.j2se.sorokolitevhen.taskmanager.controllers.MainContorller.btnLoad(MainContorller.java:197)
2019-02-11 04:59:09 INFO  MainContorller:133 - IO problems sun.reflect.NativeMethodAccessorImpl.invoke0(Native Method)
2019-02-11 04:59:09 INFO  MainContorller:133 - IO problems sun.reflect.NativeMethodAccessorImpl.invoke(NativeMethodAccessorImpl.java:62)
2019-02-11 04:59:09 INFO  MainContorller:133 - IO problems sun.reflect.DelegatingMethodAccessorImpl.invoke(DelegatingMethodAccessorImpl.java:43)
2019-02-11 04:59:09 INFO  MainContorller:133 - IO problems java.lang.reflect.Method.invoke(Method.java:498)
2019-02-11 04:59:09 INFO  MainContorller:133 - IO problems sun.reflect.misc.Trampoline.invoke(MethodUtil.java:71)
2019-02-11 04:59:09 INFO  MainContorller:133 - IO problems sun.reflect.GeneratedMethodAccessor1.invoke(Unknown Source)
2019-02-11 04:59:09 INFO  MainContorller:133 - IO problems sun.reflect.DelegatingMethodAccessorImpl.invoke(DelegatingMethodAccessorImpl.java:43)
2019-02-11 04:59:09 INFO  MainContorller:133 - IO problems java.lang.reflect.Method.invoke(Method.java:498)
2019-02-11 04:59:09 INFO  MainContorller:133 - IO problems sun.reflect.misc.MethodUtil.invoke(MethodUtil.java:275)
2019-02-11 04:59:09 INFO  MainContorller:133 - IO problems javafx.fxml.FXMLLoader$MethodHandler.invoke(FXMLLoader.java:1769)
2019-02-11 04:59:09 INFO  MainContorller:133 - IO problems javafx.fxml.FXMLLoader$ControllerMethodEventHandler.handle(FXMLLoader.java:1657)
2019-02-11 04:59:09 INFO  MainContorller:133 - IO problems com.sun.javafx.event.CompositeEventHandler.dispatchBubblingEvent(CompositeEventHandler.java:86)
2019-02-11 04:59:09 INFO  MainContorller:133 - IO problems com.sun.javafx.event.EventHandlerManager.dispatchBubblingEvent(EventHandlerManager.java:238)
2019-02-11 04:59:09 INFO  MainContorller:133 - IO problems com.sun.javafx.event.EventHandlerManager.dispatchBubblingEvent(EventHandlerManager.java:191)
2019-02-11 04:59:09 INFO  MainContorller:133 - IO problems com.sun.javafx.event.CompositeEventDispatcher.dispatchBubblingEvent(CompositeEventDispatcher.java:59)
2019-02-11 04:59:09 INFO  MainContorller:133 - IO problems com.sun.javafx.event.BasicEventDispatcher.dispatchEvent(BasicEventDispatcher.java:58)
2019-02-11 04:59:09 INFO  MainContorller:133 - IO problems com.sun.javafx.event.EventDispatchChainImpl.dispatchEvent(EventDispatchChainImpl.java:114)
2019-02-11 04:59:09 INFO  MainContorller:133 - IO problems com.sun.javafx.event.BasicEventDispatcher.dispatchEvent(BasicEventDispatcher.java:56)
2019-02-11 04:59:09 INFO  MainContorller:133 - IO problems com.sun.javafx.event.EventDispatchChainImpl.dispatchEvent(EventDispatchChainImpl.java:114)
2019-02-11 04:59:09 INFO  MainContorller:133 - IO problems com.sun.javafx.event.BasicEventDispatcher.dispatchEvent(BasicEventDispatcher.java:56)
2019-02-11 04:59:09 INFO  MainContorller:133 - IO problems com.sun.javafx.event.EventDispatchChainImpl.dispatchEvent(EventDispatchChainImpl.java:114)
2019-02-11 04:59:09 INFO  MainContorller:133 - IO problems com.sun.javafx.event.EventUtil.fireEventImpl(EventUtil.java:74)
2019-02-11 04:59:09 INFO  MainContorller:133 - IO problems com.sun.javafx.event.EventUtil.fireEvent(EventUtil.java:49)
2019-02-11 04:59:09 INFO  MainContorller:133 - IO problems javafx.event.Event.fireEvent(Event.java:198)
2019-02-11 04:59:09 INFO  MainContorller:133 - IO problems javafx.scene.Node.fireEvent(Node.java:8411)
2019-02-11 04:59:09 INFO  MainContorller:133 - IO problems javafx.scene.control.Button.fire(Button.java:185)
2019-02-11 04:59:09 INFO  MainContorller:133 - IO problems com.sun.javafx.scene.control.behavior.ButtonBehavior.mouseReleased(ButtonBehavior.java:182)
2019-02-11 04:59:09 INFO  MainContorller:133 - IO problems com.sun.javafx.scene.control.skin.BehaviorSkinBase$1.handle(BehaviorSkinBase.java:96)
2019-02-11 04:59:09 INFO  MainContorller:133 - IO problems com.sun.javafx.scene.control.skin.BehaviorSkinBase$1.handle(BehaviorSkinBase.java:89)
2019-02-11 04:59:09 INFO  MainContorller:133 - IO problems com.sun.javafx.event.CompositeEventHandler$NormalEventHandlerRecord.handleBubblingEvent(CompositeEventHandler.java:218)
2019-02-11 04:59:09 INFO  MainContorller:133 - IO problems com.sun.javafx.event.CompositeEventHandler.dispatchBubblingEvent(CompositeEventHandler.java:80)
2019-02-11 04:59:09 INFO  MainContorller:133 - IO problems com.sun.javafx.event.EventHandlerManager.dispatchBubblingEvent(EventHandlerManager.java:238)
2019-02-11 04:59:09 INFO  MainContorller:133 - IO problems com.sun.javafx.event.EventHandlerManager.dispatchBubblingEvent(EventHandlerManager.java:191)
2019-02-11 04:59:09 INFO  MainContorller:133 - IO problems com.sun.javafx.event.CompositeEventDispatcher.dispatchBubblingEvent(CompositeEventDispatcher.java:59)
2019-02-11 04:59:09 INFO  MainContorller:133 - IO problems com.sun.javafx.event.BasicEventDispatcher.dispatchEvent(BasicEventDispatcher.java:58)
2019-02-11 04:59:09 INFO  MainContorller:133 - IO problems com.sun.javafx.event.EventDispatchChainImpl.dispatchEvent(EventDispatchChainImpl.java:114)
2019-02-11 04:59:09 INFO  MainContorller:133 - IO problems com.sun.javafx.event.BasicEventDispatcher.dispatchEvent(BasicEventDispatcher.java:56)
2019-02-11 04:59:09 INFO  MainContorller:133 - IO problems com.sun.javafx.event.EventDispatchChainImpl.dispatchEvent(EventDispatchChainImpl.java:114)
2019-02-11 04:59:09 INFO  MainContorller:133 - IO problems com.sun.javafx.event.BasicEventDispatcher.dispatchEvent(BasicEventDispatcher.java:56)
2019-02-11 04:59:09 INFO  MainContorller:133 - IO problems com.sun.javafx.event.EventDispatchChainImpl.dispatchEvent(EventDispatchChainImpl.java:114)
2019-02-11 04:59:09 INFO  MainContorller:133 - IO problems com.sun.javafx.event.EventUtil.fireEventImpl(EventUtil.java:74)
2019-02-11 04:59:09 INFO  MainContorller:133 - IO problems com.sun.javafx.event.EventUtil.fireEvent(EventUtil.java:54)
2019-02-11 04:59:09 INFO  MainContorller:133 - IO problems javafx.event.Event.fireEvent(Event.java:198)
2019-02-11 04:59:09 INFO  MainContorller:133 - IO problems javafx.scene.Scene$MouseHandler.process(Scene.java:3757)
2019-02-11 04:59:09 INFO  MainContorller:133 - IO problems javafx.scene.Scene$MouseHandler.access$1500(Scene.java:3485)
2019-02-11 04:59:09 INFO  MainContorller:133 - IO problems javafx.scene.Scene.impl_processMouseEvent(Scene.java:1762)
2019-02-11 04:59:09 INFO  MainContorller:133 - IO problems javafx.scene.Scene$ScenePeerListener.mouseEvent(Scene.java:2494)
2019-02-11 04:59:09 INFO  MainContorller:133 - IO problems com.sun.javafx.tk.quantum.GlassViewEventHandler$MouseEventNotification.run(GlassViewEventHandler.java:394)
2019-02-11 04:59:09 INFO  MainContorller:133 - IO problems com.sun.javafx.tk.quantum.GlassViewEventHandler$MouseEventNotification.run(GlassViewEventHandler.java:295)
2019-02-11 04:59:09 INFO  MainContorller:133 - IO problems java.security.AccessController.doPrivileged(Native Method)
2019-02-11 04:59:09 INFO  MainContorller:133 - IO problems com.sun.javafx.tk.quantum.GlassViewEventHandler.lambda$handleMouseEvent$353(GlassViewEventHandler.java:432)
2019-02-11 04:59:09 INFO  MainContorller:133 - IO problems com.sun.javafx.tk.quantum.QuantumToolkit.runWithoutRenderLock(QuantumToolkit.java:389)
2019-02-11 04:59:09 INFO  MainContorller:133 - IO problems com.sun.javafx.tk.quantum.GlassViewEventHandler.handleMouseEvent(GlassViewEventHandler.java:431)
2019-02-11 04:59:09 INFO  MainContorller:133 - IO problems com.sun.glass.ui.View.handleMouseEvent(View.java:555)
2019-02-11 04:59:09 INFO  MainContorller:133 - IO problems com.sun.glass.ui.View.notifyMouse(View.java:937)
2019-02-11 04:59:09 INFO  MainContorller:133 - IO problems com.sun.glass.ui.win.WinApplication._runLoop(Native Method)
2019-02-11 04:59:09 INFO  MainContorller:133 - IO problems com.sun.glass.ui.win.WinApplication.lambda$null$147(WinApplication.java:177)
2019-02-11 04:59:09 INFO  MainContorller:133 - IO problems java.lang.Thread.run(Thread.java:748)
2019-02-11 04:59:09 INFO  MainContorller:133 - IO problems java.io.DataInputStream.readInt(DataInputStream.java:392)
2019-02-11 04:59:09 INFO  MainContorller:133 - IO problems ua.edu.sumdu.j2se.sorokolitevhen.taskmanager.model.TaskIO.read(TaskIO.java:41)
2019-02-11 04:59:09 INFO  MainContorller:133 - IO problems ua.edu.sumdu.j2se.sorokolitevhen.taskmanager.model.TaskIO.readBinary(TaskIO.java:82)
2019-02-11 04:59:09 INFO  MainContorller:133 - IO problems ua.edu.sumdu.j2se.sorokolitevhen.taskmanager.controllers.MainContorller.startLoadTasks(MainContorller.java:129)
2019-02-11 04:59:09 INFO  MainContorller:133 - IO problems ua.edu.sumdu.j2se.sorokolitevhen.taskmanager.controllers.MainContorller.btnLoad(MainContorller.java:197)
2019-02-11 04:59:09 INFO  MainContorller:133 - IO problems sun.reflect.NativeMethodAccessorImpl.invoke0(Native Method)
2019-02-11 04:59:09 INFO  MainContorller:133 - IO problems sun.reflect.NativeMethodAccessorImpl.invoke(NativeMethodAccessorImpl.java:62)
2019-02-11 04:59:09 INFO  MainContorller:133 - IO problems sun.reflect.DelegatingMethodAccessorImpl.invoke(DelegatingMethodAccessorImpl.java:43)
2019-02-11 04:59:09 INFO  MainContorller:133 - IO problems java.lang.reflect.Method.invoke(Method.java:498)
2019-02-11 04:59:09 INFO  MainContorller:133 - IO problems sun.reflect.misc.Trampoline.invoke(MethodUtil.java:71)
2019-02-11 04:59:09 INFO  MainContorller:133 - IO problems sun.reflect.GeneratedMethodAccessor1.invoke(Unknown Source)
2019-02-11 04:59:09 INFO  MainContorller:133 - IO problems sun.reflect.DelegatingMethodAccessorImpl.invoke(DelegatingMethodAccessorImpl.java:43)
2019-02-11 04:59:09 INFO  MainContorller:133 - IO problems java.lang.reflect.Method.invoke(Method.java:498)
2019-02-11 04:59:09 INFO  MainContorller:133 - IO problems sun.reflect.misc.MethodUtil.invoke(MethodUtil.java:275)
2019-02-11 04:59:09 INFO  MainContorller:133 - IO problems javafx.fxml.FXMLLoader$MethodHandler.invoke(FXMLLoader.java:1769)
2019-02-11 04:59:09 INFO  MainContorller:133 - IO problems javafx.fxml.FXMLLoader$ControllerMethodEventHandler.handle(FXMLLoader.java:1657)
2019-02-11 04:59:09 INFO  MainContorller:133 - IO problems com.sun.javafx.event.CompositeEventHandler.dispatchBubblingEvent(CompositeEventHandler.java:86)
2019-02-11 04:59:09 INFO  MainContorller:133 - IO problems com.sun.javafx.event.EventHandlerManager.dispatchBubblingEvent(EventHandlerManager.java:238)
2019-02-11 04:59:09 INFO  MainContorller:133 - IO problems com.sun.javafx.event.EventHandlerManager.dispatchBubblingEvent(EventHandlerManager.java:191)
2019-02-11 04:59:09 INFO  MainContorller:133 - IO problems com.sun.javafx.event.CompositeEventDispatcher.dispatchBubblingEvent(CompositeEventDispatcher.java:59)
2019-02-11 04:59:09 INFO  MainContorller:133 - IO problems com.sun.javafx.event.BasicEventDispatcher.dispatchEvent(BasicEventDispatcher.java:58)
2019-02-11 04:59:09 INFO  MainContorller:133 - IO problems com.sun.javafx.event.EventDispatchChainImpl.dispatchEvent(EventDispatchChainImpl.java:114)
2019-02-11 04:59:09 INFO  MainContorller:133 - IO problems com.sun.javafx.event.BasicEventDispatcher.dispatchEvent(BasicEventDispatcher.java:56)
2019-02-11 04:59:09 INFO  MainContorller:133 - IO problems com.sun.javafx.event.EventDispatchChainImpl.dispatchEvent(EventDispatchChainImpl.java:114)
2019-02-11 04:59:09 INFO  MainContorller:133 - IO problems com.sun.javafx.event.BasicEventDispatcher.dispatchEvent(BasicEventDispatcher.java:56)
2019-02-11 04:59:09 INFO  MainContorller:133 - IO problems com.sun.javafx.event.EventDispatchChainImpl.dispatchEvent(EventDispatchChainImpl.java:114)
2019-02-11 04:59:09 INFO  MainContorller:133 - IO problems com.sun.javafx.event.EventUtil.fireEventImpl(EventUtil.java:74)
2019-02-11 04:59:09 INFO  MainContorller:133 - IO problems com.sun.javafx.event.EventUtil.fireEvent(EventUtil.java:49)
2019-02-11 04:59:09 INFO  MainContorller:133 - IO problems javafx.event.Event.fireEvent(Event.java:198)
2019-02-11 04:59:09 INFO  MainContorller:133 - IO problems javafx.scene.Node.fireEvent(Node.java:8411)
2019-02-11 04:59:09 INFO  MainContorller:133 - IO problems javafx.scene.control.Button.fire(Button.java:185)
2019-02-11 04:59:09 INFO  MainContorller:133 - IO problems com.sun.javafx.scene.control.behavior.ButtonBehavior.mouseReleased(ButtonBehavior.java:182)
2019-02-11 04:59:09 INFO  MainContorller:133 - IO problems com.sun.javafx.scene.control.skin.BehaviorSkinBase$1.handle(BehaviorSkinBase.java:96)
2019-02-11 04:59:09 INFO  MainContorller:133 - IO problems com.sun.javafx.scene.control.skin.BehaviorSkinBase$1.handle(BehaviorSkinBase.java:89)
2019-02-11 04:59:09 INFO  MainContorller:133 - IO problems com.sun.javafx.event.CompositeEventHandler$NormalEventHandlerRecord.handleBubblingEvent(CompositeEventHandler.java:218)
2019-02-11 04:59:09 INFO  MainContorller:133 - IO problems com.sun.javafx.event.CompositeEventHandler.dispatchBubblingEvent(CompositeEventHandler.java:80)
2019-02-11 04:59:09 INFO  MainContorller:133 - IO problems com.sun.javafx.event.EventHandlerManager.dispatchBubblingEvent(EventHandlerManager.java:238)
2019-02-11 04:59:09 INFO  MainContorller:133 - IO problems com.sun.javafx.event.EventHandlerManager.dispatchBubblingEvent(EventHandlerManager.java:191)
2019-02-11 04:59:09 INFO  MainContorller:133 - IO problems com.sun.javafx.event.CompositeEventDispatcher.dispatchBubblingEvent(CompositeEventDispatcher.java:59)
2019-02-11 04:59:09 INFO  MainContorller:133 - IO problems com.sun.javafx.event.BasicEventDispatcher.dispatchEvent(BasicEventDispatcher.java:58)
2019-02-11 04:59:09 INFO  MainContorller:133 - IO problems com.sun.javafx.event.EventDispatchChainImpl.dispatchEvent(EventDispatchChainImpl.java:114)
2019-02-11 04:59:09 INFO  MainContorller:133 - IO problems com.sun.javafx.event.BasicEventDispatcher.dispatchEvent(BasicEventDispatcher.java:56)
2019-02-11 04:59:09 INFO  MainContorller:133 - IO problems com.sun.javafx.event.EventDispatchChainImpl.dispatchEvent(EventDispatchChainImpl.java:114)
2019-02-11 04:59:09 INFO  MainContorller:133 - IO problems com.sun.javafx.event.BasicEventDispatcher.dispatchEvent(BasicEventDispatcher.java:56)
2019-02-11 04:59:09 INFO  MainContorller:133 - IO problems com.sun.javafx.event.EventDispatchChainImpl.dispatchEvent(EventDispatchChainImpl.java:114)
2019-02-11 04:59:09 INFO  MainContorller:133 - IO problems com.sun.javafx.event.EventUtil.fireEventImpl(EventUtil.java:74)
2019-02-11 04:59:09 INFO  MainContorller:133 - IO problems com.sun.javafx.event.EventUtil.fireEvent(EventUtil.java:54)
2019-02-11 04:59:09 INFO  MainContorller:133 - IO problems javafx.event.Event.fireEvent(Event.java:198)
2019-02-11 04:59:09 INFO  MainContorller:133 - IO problems javafx.scene.Scene$MouseHandler.process(Scene.java:3757)
2019-02-11 04:59:09 INFO  MainContorller:133 - IO problems javafx.scene.Scene$MouseHandler.access$1500(Scene.java:3485)
2019-02-11 04:59:09 INFO  MainContorller:133 - IO problems javafx.scene.Scene.impl_processMouseEvent(Scene.java:1762)
2019-02-11 04:59:09 INFO  MainContorller:133 - IO problems javafx.scene.Scene$ScenePeerListener.mouseEvent(Scene.java:2494)
2019-02-11 04:59:09 INFO  MainContorller:133 - IO problems com.sun.javafx.tk.quantum.GlassViewEventHandler$MouseEventNotification.run(GlassViewEventHandler.java:394)
2019-02-11 04:59:09 INFO  MainContorller:133 - IO problems com.sun.javafx.tk.quantum.GlassViewEventHandler$MouseEventNotification.run(GlassViewEventHandler.java:295)
2019-02-11 04:59:09 INFO  MainContorller:133 - IO problems java.security.AccessController.doPrivileged(Native Method)
2019-02-11 04:59:09 INFO  MainContorller:133 - IO problems com.sun.javafx.tk.quantum.GlassViewEventHandler.lambda$handleMouseEvent$353(GlassViewEventHandler.java:432)
2019-02-11 04:59:09 INFO  MainContorller:133 - IO problems com.sun.javafx.tk.quantum.QuantumToolkit.runWithoutRenderLock(QuantumToolkit.java:389)
2019-02-11 04:59:09 INFO  MainContorller:133 - IO problems com.sun.javafx.tk.quantum.GlassViewEventHandler.handleMouseEvent(GlassViewEventHandler.java:431)
2019-02-11 04:59:09 INFO  MainContorller:133 - IO problems com.sun.glass.ui.View.handleMouseEvent(View.java:555)
2019-02-11 04:59:09 INFO  MainContorller:133 - IO problems com.sun.glass.ui.View.notifyMouse(View.java:937)
2019-02-11 04:59:09 INFO  MainContorller:133 - IO problems com.sun.glass.ui.win.WinApplication._runLoop(Native Method)
2019-02-11 04:59:09 INFO  MainContorller:133 - IO problems com.sun.glass.ui.win.WinApplication.lambda$null$147(WinApplication.java:177)
2019-02-11 04:59:09 INFO  MainContorller:133 - IO problems java.lang.Thread.run(Thread.java:748)
2019-02-11 04:59:09 INFO  MainContorller:133 - IO problems java.io.DataInputStream.readInt(DataInputStream.java:392)
2019-02-11 04:59:09 INFO  MainContorller:133 - IO problems ua.edu.sumdu.j2se.sorokolitevhen.taskmanager.model.TaskIO.read(TaskIO.java:41)
2019-02-11 04:59:09 INFO  MainContorller:133 - IO problems ua.edu.sumdu.j2se.sorokolitevhen.taskmanager.model.TaskIO.readBinary(TaskIO.java:82)
2019-02-11 04:59:09 INFO  MainContorller:133 - IO problems ua.edu.sumdu.j2se.sorokolitevhen.taskmanager.controllers.MainContorller.startLoadTasks(MainContorller.java:129)
2019-02-11 04:59:09 INFO  MainContorller:133 - IO problems ua.edu.sumdu.j2se.sorokolitevhen.taskmanager.controllers.MainContorller.btnLoad(MainContorller.java:197)
2019-02-11 04:59:09 INFO  MainContorller:133 - IO problems sun.reflect.NativeMethodAccessorImpl.invoke0(Native Method)
2019-02-11 04:59:09 INFO  MainContorller:133 - IO problems sun.reflect.NativeMethodAccessorImpl.invoke(NativeMethodAccessorImpl.java:62)
2019-02-11 04:59:09 INFO  MainContorller:133 - IO problems sun.reflect.DelegatingMethodAccessorImpl.invoke(DelegatingMethodAccessorImpl.java:43)
2019-02-11 04:59:09 INFO  MainContorller:133 - IO problems java.lang.reflect.Method.invoke(Method.java:498)
2019-02-11 04:59:09 INFO  MainContorller:133 - IO problems sun.reflect.misc.Trampoline.invoke(MethodUtil.java:71)
2019-02-11 04:59:09 INFO  MainContorller:133 - IO problems sun.reflect.GeneratedMethodAccessor1.invoke(Unknown Source)
2019-02-11 04:59:09 INFO  MainContorller:133 - IO problems sun.reflect.DelegatingMethodAccessorImpl.invoke(DelegatingMethodAccessorImpl.java:43)
2019-02-11 04:59:09 INFO  MainContorller:133 - IO problems java.lang.reflect.Method.invoke(Method.java:498)
2019-02-11 04:59:09 INFO  MainContorller:133 - IO problems sun.reflect.misc.MethodUtil.invoke(MethodUtil.java:275)
2019-02-11 04:59:09 INFO  MainContorller:133 - IO problems javafx.fxml.FXMLLoader$MethodHandler.invoke(FXMLLoader.java:1769)
2019-02-11 04:59:09 INFO  MainContorller:133 - IO problems javafx.fxml.FXMLLoader$ControllerMethodEventHandler.handle(FXMLLoader.java:1657)
2019-02-11 04:59:09 INFO  MainContorller:133 - IO problems com.sun.javafx.event.CompositeEventHandler.dispatchBubblingEvent(CompositeEventHandler.java:86)
2019-02-11 04:59:09 INFO  MainContorller:133 - IO problems com.sun.javafx.event.EventHandlerManager.dispatchBubblingEvent(EventHandlerManager.java:238)
2019-02-11 04:59:09 INFO  MainContorller:133 - IO problems com.sun.javafx.event.EventHandlerManager.dispatchBubblingEvent(EventHandlerManager.java:191)
2019-02-11 04:59:09 INFO  MainContorller:133 - IO problems com.sun.javafx.event.CompositeEventDispatcher.dispatchBubblingEvent(CompositeEventDispatcher.java:59)
2019-02-11 04:59:09 INFO  MainContorller:133 - IO problems com.sun.javafx.event.BasicEventDispatcher.dispatchEvent(BasicEventDispatcher.java:58)
2019-02-11 04:59:09 INFO  MainContorller:133 - IO problems com.sun.javafx.event.EventDispatchChainImpl.dispatchEvent(EventDispatchChainImpl.java:114)
2019-02-11 04:59:09 INFO  MainContorller:133 - IO problems com.sun.javafx.event.BasicEventDispatcher.dispatchEvent(BasicEventDispatcher.java:56)
2019-02-11 04:59:09 INFO  MainContorller:133 - IO problems com.sun.javafx.event.EventDispatchChainImpl.dispatchEvent(EventDispatchChainImpl.java:114)
2019-02-11 04:59:09 INFO  MainContorller:133 - IO problems com.sun.javafx.event.BasicEventDispatcher.dispatchEvent(BasicEventDispatcher.java:56)
2019-02-11 04:59:09 INFO  MainContorller:133 - IO problems com.sun.javafx.event.EventDispatchChainImpl.dispatchEvent(EventDispatchChainImpl.java:114)
2019-02-11 04:59:09 INFO  MainContorller:133 - IO problems com.sun.javafx.event.EventUtil.fireEventImpl(EventUtil.java:74)
2019-02-11 04:59:09 INFO  MainContorller:133 - IO problems com.sun.javafx.event.EventUtil.fireEvent(EventUtil.java:49)
2019-02-11 04:59:09 INFO  MainContorller:133 - IO problems javafx.event.Event.fireEvent(Event.java:198)
2019-02-11 04:59:09 INFO  MainContorller:133 - IO problems javafx.scene.Node.fireEvent(Node.java:8411)
2019-02-11 04:59:09 INFO  MainContorller:133 - IO problems javafx.scene.control.Button.fire(Button.java:185)
2019-02-11 04:59:09 INFO  MainContorller:133 - IO problems com.sun.javafx.scene.control.behavior.ButtonBehavior.mouseReleased(ButtonBehavior.java:182)
2019-02-11 04:59:09 INFO  MainContorller:133 - IO problems com.sun.javafx.scene.control.skin.BehaviorSkinBase$1.handle(BehaviorSkinBase.java:96)
2019-02-11 04:59:09 INFO  MainContorller:133 - IO problems com.sun.javafx.scene.control.skin.BehaviorSkinBase$1.handle(BehaviorSkinBase.java:89)
2019-02-11 04:59:09 INFO  MainContorller:133 - IO problems com.sun.javafx.event.CompositeEventHandler$NormalEventHandlerRecord.handleBubblingEvent(CompositeEventHandler.java:218)
2019-02-11 04:59:09 INFO  MainContorller:133 - IO problems com.sun.javafx.event.CompositeEventHandler.dispatchBubblingEvent(CompositeEventHandler.java:80)
2019-02-11 04:59:09 INFO  MainContorller:133 - IO problems com.sun.javafx.event.EventHandlerManager.dispatchBubblingEvent(EventHandlerManager.java:238)
2019-02-11 04:59:09 INFO  MainContorller:133 - IO problems com.sun.javafx.event.EventHandlerManager.dispatchBubblingEvent(EventHandlerManager.java:191)
2019-02-11 04:59:09 INFO  MainContorller:133 - IO problems com.sun.javafx.event.CompositeEventDispatcher.dispatchBubblingEvent(CompositeEventDispatcher.java:59)
2019-02-11 04:59:09 INFO  MainContorller:133 - IO problems com.sun.javafx.event.BasicEventDispatcher.dispatchEvent(BasicEventDispatcher.java:58)
2019-02-11 04:59:09 INFO  MainContorller:133 - IO problems com.sun.javafx.event.EventDispatchChainImpl.dispatchEvent(EventDispatchChainImpl.java:114)
2019-02-11 04:59:09 INFO  MainContorller:133 - IO problems com.sun.javafx.event.BasicEventDispatcher.dispatchEvent(BasicEventDispatcher.java:56)
2019-02-11 04:59:09 INFO  MainContorller:133 - IO problems com.sun.javafx.event.EventDispatchChainImpl.dispatchEvent(EventDispatchChainImpl.java:114)
2019-02-11 04:59:09 INFO  MainContorller:133 - IO problems com.sun.javafx.event.BasicEventDispatcher.dispatchEvent(BasicEventDispatcher.java:56)
2019-02-11 04:59:09 INFO  MainContorller:133 - IO problems com.sun.javafx.event.EventDispatchChainImpl.dispatchEvent(EventDispatchChainImpl.java:114)
2019-02-11 04:59:09 INFO  MainContorller:133 - IO problems com.sun.javafx.event.EventUtil.fireEventImpl(EventUtil.java:74)
2019-02-11 04:59:09 INFO  MainContorller:133 - IO problems com.sun.javafx.event.EventUtil.fireEvent(EventUtil.java:54)
2019-02-11 04:59:09 INFO  MainContorller:133 - IO problems javafx.event.Event.fireEvent(Event.java:198)
2019-02-11 04:59:09 INFO  MainContorller:133 - IO problems javafx.scene.Scene$MouseHandler.process(Scene.java:3757)
2019-02-11 04:59:09 INFO  MainContorller:133 - IO problems javafx.scene.Scene$MouseHandler.access$1500(Scene.java:3485)
2019-02-11 04:59:09 INFO  MainContorller:133 - IO problems javafx.scene.Scene.impl_processMouseEvent(Scene.java:1762)
2019-02-11 04:59:09 INFO  MainContorller:133 - IO problems javafx.scene.Scene$ScenePeerListener.mouseEvent(Scene.java:2494)
2019-02-11 04:59:09 INFO  MainContorller:133 - IO problems com.sun.javafx.tk.quantum.GlassViewEventHandler$MouseEventNotification.run(GlassViewEventHandler.java:394)
2019-02-11 04:59:09 INFO  MainContorller:133 - IO problems com.sun.javafx.tk.quantum.GlassViewEventHandler$MouseEventNotification.run(GlassViewEventHandler.java:295)
2019-02-11 04:59:09 INFO  MainContorller:133 - IO problems java.security.AccessController.doPrivileged(Native Method)
2019-02-11 04:59:09 INFO  MainContorller:133 - IO problems com.sun.javafx.tk.quantum.GlassViewEventHandler.lambda$handleMouseEvent$353(GlassViewEventHandler.java:432)
2019-02-11 04:59:09 INFO  MainContorller:133 - IO problems com.sun.javafx.tk.quantum.QuantumToolkit.runWithoutRenderLock(QuantumToolkit.java:389)
2019-02-11 04:59:09 INFO  MainContorller:133 - IO problems com.sun.javafx.tk.quantum.GlassViewEventHandler.handleMouseEvent(GlassViewEventHandler.java:431)
2019-02-11 04:59:09 INFO  MainContorller:133 - IO problems com.sun.glass.ui.View.handleMouseEvent(View.java:555)
2019-02-11 04:59:09 INFO  MainContorller:133 - IO problems com.sun.glass.ui.View.notifyMouse(View.java:937)
2019-02-11 04:59:09 INFO  MainContorller:133 - IO problems com.sun.glass.ui.win.WinApplication._runLoop(Native Method)
2019-02-11 04:59:09 INFO  MainContorller:133 - IO problems com.sun.glass.ui.win.WinApplication.lambda$null$147(WinApplication.java:177)
2019-02-11 04:59:09 INFO  MainContorller:133 - IO problems java.lang.Thread.run(Thread.java:748)
2019-02-11 04:59:09 INFO  MainContorller:133 - IO problems java.io.DataInputStream.readInt(DataInputStream.java:392)
2019-02-11 04:59:09 INFO  MainContorller:133 - IO problems ua.edu.sumdu.j2se.sorokolitevhen.taskmanager.model.TaskIO.read(TaskIO.java:41)
2019-02-11 04:59:09 INFO  MainContorller:133 - IO problems ua.edu.sumdu.j2se.sorokolitevhen.taskmanager.model.TaskIO.readBinary(TaskIO.java:82)
2019-02-11 04:59:09 INFO  MainContorller:133 - IO problems ua.edu.sumdu.j2se.sorokolitevhen.taskmanager.controllers.MainContorller.startLoadTasks(MainContorller.java:129)
2019-02-11 04:59:09 INFO  MainContorller:133 - IO problems ua.edu.sumdu.j2se.sorokolitevhen.taskmanager.controllers.MainContorller.btnLoad(MainContorller.java:197)
2019-02-11 04:59:09 INFO  MainContorller:133 - IO problems sun.reflect.NativeMethodAccessorImpl.invoke0(Native Method)
2019-02-11 04:59:09 INFO  MainContorller:133 - IO problems sun.reflect.NativeMethodAccessorImpl.invoke(NativeMethodAccessorImpl.java:62)
2019-02-11 04:59:09 INFO  MainContorller:133 - IO problems sun.reflect.DelegatingMethodAccessorImpl.invoke(DelegatingMethodAccessorImpl.java:43)
2019-02-11 04:59:09 INFO  MainContorller:133 - IO problems java.lang.reflect.Method.invoke(Method.java:498)
2019-02-11 04:59:09 INFO  MainContorller:133 - IO problems sun.reflect.misc.Trampoline.invoke(MethodUtil.java:71)
2019-02-11 04:59:09 INFO  MainContorller:133 - IO problems sun.reflect.GeneratedMethodAccessor1.invoke(Unknown Source)
2019-02-11 04:59:09 INFO  MainContorller:133 - IO problems sun.reflect.DelegatingMethodAccessorImpl.invoke(DelegatingMethodAccessorImpl.java:43)
2019-02-11 04:59:09 INFO  MainContorller:133 - IO problems java.lang.reflect.Method.invoke(Method.java:498)
2019-02-11 04:59:09 INFO  MainContorller:133 - IO problems sun.reflect.misc.MethodUtil.invoke(MethodUtil.java:275)
2019-02-11 04:59:09 INFO  MainContorller:133 - IO problems javafx.fxml.FXMLLoader$MethodHandler.invoke(FXMLLoader.java:1769)
2019-02-11 04:59:09 INFO  MainContorller:133 - IO problems javafx.fxml.FXMLLoader$ControllerMethodEventHandler.handle(FXMLLoader.java:1657)
2019-02-11 04:59:09 INFO  MainContorller:133 - IO problems com.sun.javafx.event.CompositeEventHandler.dispatchBubblingEvent(CompositeEventHandler.java:86)
2019-02-11 04:59:09 INFO  MainContorller:133 - IO problems com.sun.javafx.event.EventHandlerManager.dispatchBubblingEvent(EventHandlerManager.java:238)
2019-02-11 04:59:09 INFO  MainContorller:133 - IO problems com.sun.javafx.event.EventHandlerManager.dispatchBubblingEvent(EventHandlerManager.java:191)
2019-02-11 04:59:09 INFO  MainContorller:133 - IO problems com.sun.javafx.event.CompositeEventDispatcher.dispatchBubblingEvent(CompositeEventDispatcher.java:59)
2019-02-11 04:59:09 INFO  MainContorller:133 - IO problems com.sun.javafx.event.BasicEventDispatcher.dispatchEvent(BasicEventDispatcher.java:58)
2019-02-11 04:59:09 INFO  MainContorller:133 - IO problems com.sun.javafx.event.EventDispatchChainImpl.dispatchEvent(EventDispatchChainImpl.java:114)
2019-02-11 04:59:09 INFO  MainContorller:133 - IO problems com.sun.javafx.event.BasicEventDispatcher.dispatchEvent(BasicEventDispatcher.java:56)
2019-02-11 04:59:09 INFO  MainContorller:133 - IO problems com.sun.javafx.event.EventDispatchChainImpl.dispatchEvent(EventDispatchChainImpl.java:114)
2019-02-11 04:59:09 INFO  MainContorller:133 - IO problems com.sun.javafx.event.BasicEventDispatcher.dispatchEvent(BasicEventDispatcher.java:56)
2019-02-11 04:59:09 INFO  MainContorller:133 - IO problems com.sun.javafx.event.EventDispatchChainImpl.dispatchEvent(EventDispatchChainImpl.java:114)
2019-02-11 04:59:09 INFO  MainContorller:133 - IO problems com.sun.javafx.event.EventUtil.fireEventImpl(EventUtil.java:74)
2019-02-11 04:59:09 INFO  MainContorller:133 - IO problems com.sun.javafx.event.EventUtil.fireEvent(EventUtil.java:49)
2019-02-11 04:59:09 INFO  MainContorller:133 - IO problems javafx.event.Event.fireEvent(Event.java:198)
2019-02-11 04:59:09 INFO  MainContorller:133 - IO problems javafx.scene.Node.fireEvent(Node.java:8411)
2019-02-11 04:59:09 INFO  MainContorller:133 - IO problems javafx.scene.control.Button.fire(Button.java:185)
2019-02-11 04:59:09 INFO  MainContorller:133 - IO problems com.sun.javafx.scene.control.behavior.ButtonBehavior.mouseReleased(ButtonBehavior.java:182)
2019-02-11 04:59:09 INFO  MainContorller:133 - IO problems com.sun.javafx.scene.control.skin.BehaviorSkinBase$1.handle(BehaviorSkinBase.java:96)
2019-02-11 04:59:09 INFO  MainContorller:133 - IO problems com.sun.javafx.scene.control.skin.BehaviorSkinBase$1.handle(BehaviorSkinBase.java:89)
2019-02-11 04:59:09 INFO  MainContorller:133 - IO problems com.sun.javafx.event.CompositeEventHandler$NormalEventHandlerRecord.handleBubblingEvent(CompositeEventHandler.java:218)
2019-02-11 04:59:09 INFO  MainContorller:133 - IO problems com.sun.javafx.event.CompositeEventHandler.dispatchBubblingEvent(CompositeEventHandler.java:80)
2019-02-11 04:59:09 INFO  MainContorller:133 - IO problems com.sun.javafx.event.EventHandlerManager.dispatchBubblingEvent(EventHandlerManager.java:238)
2019-02-11 04:59:09 INFO  MainContorller:133 - IO problems com.sun.javafx.event.EventHandlerManager.dispatchBubblingEvent(EventHandlerManager.java:191)
2019-02-11 04:59:09 INFO  MainContorller:133 - IO problems com.sun.javafx.event.CompositeEventDispatcher.dispatchBubblingEvent(CompositeEventDispatcher.java:59)
2019-02-11 04:59:09 INFO  MainContorller:133 - IO problems com.sun.javafx.event.BasicEventDispatcher.dispatchEvent(BasicEventDispatcher.java:58)
2019-02-11 04:59:09 INFO  MainContorller:133 - IO problems com.sun.javafx.event.EventDispatchChainImpl.dispatchEvent(EventDispatchChainImpl.java:114)
2019-02-11 04:59:09 INFO  MainContorller:133 - IO problems com.sun.javafx.event.BasicEventDispatcher.dispatchEvent(BasicEventDispatcher.java:56)
2019-02-11 04:59:09 INFO  MainContorller:133 - IO problems com.sun.javafx.event.EventDispatchChainImpl.dispatchEvent(EventDispatchChainImpl.java:114)
2019-02-11 04:59:09 INFO  MainContorller:133 - IO problems com.sun.javafx.event.BasicEventDispatcher.dispatchEvent(BasicEventDispatcher.java:56)
2019-02-11 04:59:09 INFO  MainContorller:133 - IO problems com.sun.javafx.event.EventDispatchChainImpl.dispatchEvent(EventDispatchChainImpl.java:114)
2019-02-11 04:59:09 INFO  MainContorller:133 - IO problems com.sun.javafx.event.EventUtil.fireEventImpl(EventUtil.java:74)
2019-02-11 04:59:09 INFO  MainContorller:133 - IO problems com.sun.javafx.event.EventUtil.fireEvent(EventUtil.java:54)
2019-02-11 04:59:09 INFO  MainContorller:133 - IO problems javafx.event.Event.fireEvent(Event.java:198)
2019-02-11 04:59:09 INFO  MainContorller:133 - IO problems javafx.scene.Scene$MouseHandler.process(Scene.java:3757)
2019-02-11 04:59:09 INFO  MainContorller:133 - IO problems javafx.scene.Scene$MouseHandler.access$1500(Scene.java:3485)
2019-02-11 04:59:09 INFO  MainContorller:133 - IO problems javafx.scene.Scene.impl_processMouseEvent(Scene.java:1762)
2019-02-11 04:59:09 INFO  MainContorller:133 - IO problems javafx.scene.Scene$ScenePeerListener.mouseEvent(Scene.java:2494)
2019-02-11 04:59:09 INFO  MainContorller:133 - IO problems com.sun.javafx.tk.quantum.GlassViewEventHandler$MouseEventNotification.run(GlassViewEventHandler.java:394)
2019-02-11 04:59:09 INFO  MainContorller:133 - IO problems com.sun.javafx.tk.quantum.GlassViewEventHandler$MouseEventNotification.run(GlassViewEventHandler.java:295)
2019-02-11 04:59:09 INFO  MainContorller:133 - IO problems java.security.AccessController.doPrivileged(Native Method)
2019-02-11 04:59:09 INFO  MainContorller:133 - IO problems com.sun.javafx.tk.quantum.GlassViewEventHandler.lambda$handleMouseEvent$353(GlassViewEventHandler.java:432)
2019-02-11 04:59:09 INFO  MainContorller:133 - IO problems com.sun.javafx.tk.quantum.QuantumToolkit.runWithoutRenderLock(QuantumToolkit.java:389)
2019-02-11 04:59:09 INFO  MainContorller:133 - IO problems com.sun.javafx.tk.quantum.GlassViewEventHandler.handleMouseEvent(GlassViewEventHandler.java:431)
2019-02-11 04:59:09 INFO  MainContorller:133 - IO problems com.sun.glass.ui.View.handleMouseEvent(View.java:555)
2019-02-11 04:59:09 INFO  MainContorller:133 - IO problems com.sun.glass.ui.View.notifyMouse(View.java:937)
2019-02-11 04:59:09 INFO  MainContorller:133 - IO problems com.sun.glass.ui.win.WinApplication._runLoop(Native Method)
2019-02-11 04:59:09 INFO  MainContorller:133 - IO problems com.sun.glass.ui.win.WinApplication.lambda$null$147(WinApplication.java:177)
2019-02-11 04:59:09 INFO  MainContorller:133 - IO problems java.lang.Thread.run(Thread.java:748)
2019-02-11 04:59:09 INFO  MainContorller:133 - IO problems java.io.DataInputStream.readInt(DataInputStream.java:392)
2019-02-11 04:59:09 INFO  MainContorller:133 - IO problems ua.edu.sumdu.j2se.sorokolitevhen.taskmanager.model.TaskIO.read(TaskIO.java:41)
2019-02-11 04:59:09 INFO  MainContorller:133 - IO problems ua.edu.sumdu.j2se.sorokolitevhen.taskmanager.model.TaskIO.readBinary(TaskIO.java:82)
2019-02-11 04:59:09 INFO  MainContorller:133 - IO problems ua.edu.sumdu.j2se.sorokolitevhen.taskmanager.controllers.MainContorller.startLoadTasks(MainContorller.java:129)
2019-02-11 04:59:09 INFO  MainContorller:133 - IO problems ua.edu.sumdu.j2se.sorokolitevhen.taskmanager.controllers.MainContorller.btnLoad(MainContorller.java:197)
2019-02-11 04:59:09 INFO  MainContorller:133 - IO problems sun.reflect.NativeMethodAccessorImpl.invoke0(Native Method)
2019-02-11 04:59:09 INFO  MainContorller:133 - IO problems sun.reflect.NativeMethodAccessorImpl.invoke(NativeMethodAccessorImpl.java:62)
2019-02-11 04:59:09 INFO  MainContorller:133 - IO problems sun.reflect.DelegatingMethodAccessorImpl.invoke(DelegatingMethodAccessorImpl.java:43)
2019-02-11 04:59:09 INFO  MainContorller:133 - IO problems java.lang.reflect.Method.invoke(Method.java:498)
2019-02-11 04:59:09 INFO  MainContorller:133 - IO problems sun.reflect.misc.Trampoline.invoke(MethodUtil.java:71)
2019-02-11 04:59:09 INFO  MainContorller:133 - IO problems sun.reflect.GeneratedMethodAccessor1.invoke(Unknown Source)
2019-02-11 04:59:09 INFO  MainContorller:133 - IO problems sun.reflect.DelegatingMethodAccessorImpl.invoke(DelegatingMethodAccessorImpl.java:43)
2019-02-11 04:59:09 INFO  MainContorller:133 - IO problems java.lang.reflect.Method.invoke(Method.java:498)
2019-02-11 04:59:09 INFO  MainContorller:133 - IO problems sun.reflect.misc.MethodUtil.invoke(MethodUtil.java:275)
2019-02-11 04:59:09 INFO  MainContorller:133 - IO problems javafx.fxml.FXMLLoader$MethodHandler.invoke(FXMLLoader.java:1769)
2019-02-11 04:59:09 INFO  MainContorller:133 - IO problems javafx.fxml.FXMLLoader$ControllerMethodEventHandler.handle(FXMLLoader.java:1657)
2019-02-11 04:59:09 INFO  MainContorller:133 - IO problems com.sun.javafx.event.CompositeEventHandler.dispatchBubblingEvent(CompositeEventHandler.java:86)
2019-02-11 04:59:09 INFO  MainContorller:133 - IO problems com.sun.javafx.event.EventHandlerManager.dispatchBubblingEvent(EventHandlerManager.java:238)
2019-02-11 04:59:09 INFO  MainContorller:133 - IO problems com.sun.javafx.event.EventHandlerManager.dispatchBubblingEvent(EventHandlerManager.java:191)
2019-02-11 04:59:09 INFO  MainContorller:133 - IO problems com.sun.javafx.event.CompositeEventDispatcher.dispatchBubblingEvent(CompositeEventDispatcher.java:59)
2019-02-11 04:59:09 INFO  MainContorller:133 - IO problems com.sun.javafx.event.BasicEventDispatcher.dispatchEvent(BasicEventDispatcher.java:58)
2019-02-11 04:59:09 INFO  MainContorller:133 - IO problems com.sun.javafx.event.EventDispatchChainImpl.dispatchEvent(EventDispatchChainImpl.java:114)
2019-02-11 04:59:09 INFO  MainContorller:133 - IO problems com.sun.javafx.event.BasicEventDispatcher.dispatchEvent(BasicEventDispatcher.java:56)
2019-02-11 04:59:09 INFO  MainContorller:133 - IO problems com.sun.javafx.event.EventDispatchChainImpl.dispatchEvent(EventDispatchChainImpl.java:114)
2019-02-11 04:59:09 INFO  MainContorller:133 - IO problems com.sun.javafx.event.BasicEventDispatcher.dispatchEvent(BasicEventDispatcher.java:56)
2019-02-11 04:59:09 INFO  MainContorller:133 - IO problems com.sun.javafx.event.EventDispatchChainImpl.dispatchEvent(EventDispatchChainImpl.java:114)
2019-02-11 04:59:09 INFO  MainContorller:133 - IO problems com.sun.javafx.event.EventUtil.fireEventImpl(EventUtil.java:74)
2019-02-11 04:59:09 INFO  MainContorller:133 - IO problems com.sun.javafx.event.EventUtil.fireEvent(EventUtil.java:49)
2019-02-11 04:59:09 INFO  MainContorller:133 - IO problems javafx.event.Event.fireEvent(Event.java:198)
2019-02-11 04:59:09 INFO  MainContorller:133 - IO problems javafx.scene.Node.fireEvent(Node.java:8411)
2019-02-11 04:59:09 INFO  MainContorller:133 - IO problems javafx.scene.control.Button.fire(Button.java:185)
2019-02-11 04:59:09 INFO  MainContorller:133 - IO problems com.sun.javafx.scene.control.behavior.ButtonBehavior.mouseReleased(ButtonBehavior.java:182)
2019-02-11 04:59:09 INFO  MainContorller:133 - IO problems com.sun.javafx.scene.control.skin.BehaviorSkinBase$1.handle(BehaviorSkinBase.java:96)
2019-02-11 04:59:09 INFO  MainContorller:133 - IO problems com.sun.javafx.scene.control.skin.BehaviorSkinBase$1.handle(BehaviorSkinBase.java:89)
2019-02-11 04:59:09 INFO  MainContorller:133 - IO problems com.sun.javafx.event.CompositeEventHandler$NormalEventHandlerRecord.handleBubblingEvent(CompositeEventHandler.java:218)
2019-02-11 04:59:09 INFO  MainContorller:133 - IO problems com.sun.javafx.event.CompositeEventHandler.dispatchBubblingEvent(CompositeEventHandler.java:80)
2019-02-11 04:59:09 INFO  MainContorller:133 - IO problems com.sun.javafx.event.EventHandlerManager.dispatchBubblingEvent(EventHandlerManager.java:238)
2019-02-11 04:59:09 INFO  MainContorller:133 - IO problems com.sun.javafx.event.EventHandlerManager.dispatchBubblingEvent(EventHandlerManager.java:191)
2019-02-11 04:59:09 INFO  MainContorller:133 - IO problems com.sun.javafx.event.CompositeEventDispatcher.dispatchBubblingEvent(CompositeEventDispatcher.java:59)
2019-02-11 04:59:09 INFO  MainContorller:133 - IO problems com.sun.javafx.event.BasicEventDispatcher.dispatchEvent(BasicEventDispatcher.java:58)
2019-02-11 04:59:09 INFO  MainContorller:133 - IO problems com.sun.javafx.event.EventDispatchChainImpl.dispatchEvent(EventDispatchChainImpl.java:114)
2019-02-11 04:59:09 INFO  MainContorller:133 - IO problems com.sun.javafx.event.BasicEventDispatcher.dispatchEvent(BasicEventDispatcher.java:56)
2019-02-11 04:59:09 INFO  MainContorller:133 - IO problems com.sun.javafx.event.EventDispatchChainImpl.dispatchEvent(EventDispatchChainImpl.java:114)
2019-02-11 04:59:09 INFO  MainContorller:133 - IO problems com.sun.javafx.event.BasicEventDispatcher.dispatchEvent(BasicEventDispatcher.java:56)
2019-02-11 04:59:09 INFO  MainContorller:133 - IO problems com.sun.javafx.event.EventDispatchChainImpl.dispatchEvent(EventDispatchChainImpl.java:114)
2019-02-11 04:59:09 INFO  MainContorller:133 - IO problems com.sun.javafx.event.EventUtil.fireEventImpl(EventUtil.java:74)
2019-02-11 04:59:09 INFO  MainContorller:133 - IO problems com.sun.javafx.event.EventUtil.fireEvent(EventUtil.java:54)
2019-02-11 04:59:09 INFO  MainContorller:133 - IO problems javafx.event.Event.fireEvent(Event.java:198)
2019-02-11 04:59:09 INFO  MainContorller:133 - IO problems javafx.scene.Scene$MouseHandler.process(Scene.java:3757)
2019-02-11 04:59:09 INFO  MainContorller:133 - IO problems javafx.scene.Scene$MouseHandler.access$1500(Scene.java:3485)
2019-02-11 04:59:09 INFO  MainContorller:133 - IO problems javafx.scene.Scene.impl_processMouseEvent(Scene.java:1762)
2019-02-11 04:59:09 INFO  MainContorller:133 - IO problems javafx.scene.Scene$ScenePeerListener.mouseEvent(Scene.java:2494)
2019-02-11 04:59:09 INFO  MainContorller:133 - IO problems com.sun.javafx.tk.quantum.GlassViewEventHandler$MouseEventNotification.run(GlassViewEventHandler.java:394)
2019-02-11 04:59:09 INFO  MainContorller:133 - IO problems com.sun.javafx.tk.quantum.GlassViewEventHandler$MouseEventNotification.run(GlassViewEventHandler.java:295)
2019-02-11 04:59:09 INFO  MainContorller:133 - IO problems java.security.AccessController.doPrivileged(Native Method)
2019-02-11 04:59:09 INFO  MainContorller:133 - IO problems com.sun.javafx.tk.quantum.GlassViewEventHandler.lambda$handleMouseEvent$353(GlassViewEventHandler.java:432)
2019-02-11 04:59:09 INFO  MainContorller:133 - IO problems com.sun.javafx.tk.quantum.QuantumToolkit.runWithoutRenderLock(QuantumToolkit.java:389)
2019-02-11 04:59:09 INFO  MainContorller:133 - IO problems com.sun.javafx.tk.quantum.GlassViewEventHandler.handleMouseEvent(GlassViewEventHandler.java:431)
2019-02-11 04:59:09 INFO  MainContorller:133 - IO problems com.sun.glass.ui.View.handleMouseEvent(View.java:555)
2019-02-11 04:59:09 INFO  MainContorller:133 - IO problems com.sun.glass.ui.View.notifyMouse(View.java:937)
2019-02-11 04:59:09 INFO  MainContorller:133 - IO problems com.sun.glass.ui.win.WinApplication._runLoop(Native Method)
2019-02-11 04:59:09 INFO  MainContorller:133 - IO problems com.sun.glass.ui.win.WinApplication.lambda$null$147(WinApplication.java:177)
2019-02-11 04:59:09 INFO  MainContorller:133 - IO problems java.lang.Thread.run(Thread.java:748)
